# JRE version: OpenJDK Runtime Environment Temurin-21.0.10+7 (21.0.10+7) (build 21.0.10+7-LTS)
# Java VM: OpenJDK 64-Bit Server VM Temurin-21.0.10+7 (21.0.10+7-LTS, mixed mode, sharing, tiered, compressed oops, compressed class ptrs, parallel gc, windows-amd64)
GC Precious Log:
 CardTable entry size: 512
 CPUs: 6 total, 6 available
 Memory: 8049M
 Large Page Support: Disabled
 NUMA Support: Disabled
 Compressed Oops: Enabled (32-bit)
 Alignments: Space 512K, Generation 512K, Heap 2M
 Heap Min Capacity: 100M
 Heap Initial Capacity: 100M
 Heap Max Capacity: 2G
 Pre-touch: Disabled
 Parallel Workers: 6
Heap:
 PSYoungGen      total 17920K, used 16261K [0x00000000d5580000, 0x00000000d6b00000, 0x0000000100000000)
  eden space 17408K, 91% used [0x00000000d5580000,0x00000000d65096a8,0x00000000d6680000)
  from space 512K, 68% used [0x00000000d6a00000,0x00000000d6a58000,0x00000000d6a80000)
  to   space 512K, 0% used [0x00000000d6a80000,0x00000000d6a80000,0x00000000d6b00000)
 ParOldGen       total 70656K, used 70158K [0x0000000080000000, 0x0000000084500000, 0x00000000d5580000)
  object space 70656K, 99% used [0x0000000080000000,0x00000000844838b0,0x0000000084500000)
 Metaspace       used 76291K, committed 77888K, reserved 1179648K
  class space    used 9289K, committed 10048K, reserved 1048576K
GC Heap History (20 events):
Event: 893.798 GC heap before
{Heap before GC invocations=113 (full 3):
 PSYoungGen      total 22528K, used 22082K [0x00000000d5580000, 0x00000000d6e00000, 0x0000000100000000)
  eden space 19968K, 100% used [0x00000000d5580000,0x00000000d6900000,0x00000000d6900000)
  from space 2560K, 82% used [0x00000000d6900000,0x00000000d6b10810,0x00000000d6b80000)
  to   space 2560K, 0% used [0x00000000d6b80000,0x00000000d6b80000,0x00000000d6e00000)
 ParOldGen       total 68608K, used 54130K [0x0000000080000000, 0x0000000084300000, 0x00000000d5580000)
  object space 68608K, 78% used [0x0000000080000000,0x00000000834dc930,0x0000000084300000)
 Metaspace       used 70323K, committed 71936K, reserved 1114112K
  class space    used 8712K, committed 9408K, reserved 1048576K
}
Event: 893.801 GC heap after
{Heap after GC invocations=113 (full 3):
 PSYoungGen      total 22528K, used 2080K [0x00000000d5580000, 0x00000000d6e00000, 0x0000000100000000)
  eden space 19968K, 0% used [0x00000000d5580000,0x00000000d5580000,0x00000000d6900000)
  from space 2560K, 81% used [0x00000000d6b80000,0x00000000d6d88010,0x00000000d6e00000)
  to   space 2560K, 0% used [0x00000000d6900000,0x00000000d6900000,0x00000000d6b80000)
 ParOldGen       total 68608K, used 56152K [0x0000000080000000, 0x0000000084300000, 0x00000000d5580000)
  object space 68608K, 81% used [0x0000000080000000,0x00000000836d6268,0x0000000084300000)
 Metaspace       used 70323K, committed 71936K, reserved 1114112K
  class space    used 8712K, committed 9408K, reserved 1048576K
}
Event: 894.043 GC heap before
{Heap before GC invocations=114 (full 3):
 PSYoungGen      total 22528K, used 22048K [0x00000000d5580000, 0x00000000d6e00000, 0x0000000100000000)
  eden space 19968K, 100% used [0x00000000d5580000,0x00000000d6900000,0x00000000d6900000)
  from space 2560K, 81% used [0x00000000d6b80000,0x00000000d6d88010,0x00000000d6e00000)
  to   space 2560K, 0% used [0x00000000d6900000,0x00000000d6900000,0x00000000d6b80000)
 ParOldGen       total 68608K, used 56152K [0x0000000080000000, 0x0000000084300000, 0x00000000d5580000)
  object space 68608K, 81% used [0x0000000080000000,0x00000000836d6268,0x0000000084300000)
 Metaspace       used 70331K, committed 71936K, reserved 1114112K
  class space    used 8712K, committed 9408K, reserved 1048576K
}
Event: 894.046 GC heap after
{Heap after GC invocations=114 (full 3):
 PSYoungGen      total 22016K, used 1892K [0x00000000d5580000, 0x00000000d6d00000, 0x0000000100000000)
  eden space 19968K, 0% used [0x00000000d5580000,0x00000000d5580000,0x00000000d6900000)
  from space 2048K, 92% used [0x00000000d6900000,0x00000000d6ad9000,0x00000000d6b00000)
  to   space 2048K, 0% used [0x00000000d6b00000,0x00000000d6b00000,0x00000000d6d00000)
 ParOldGen       total 68608K, used 58151K [0x0000000080000000, 0x0000000084300000, 0x00000000d5580000)
  object space 68608K, 84% used [0x0000000080000000,0x00000000838c9c28,0x0000000084300000)
 Metaspace       used 70331K, committed 71936K, reserved 1114112K
  class space    used 8712K, committed 9408K, reserved 1048576K
}
Event: 894.630 GC heap before
{Heap before GC invocations=115 (full 3):
 PSYoungGen      total 22016K, used 21860K [0x00000000d5580000, 0x00000000d6d00000, 0x0000000100000000)
  eden space 19968K, 100% used [0x00000000d5580000,0x00000000d6900000,0x00000000d6900000)
  from space 2048K, 92% used [0x00000000d6900000,0x00000000d6ad9000,0x00000000d6b00000)
  to   space 2048K, 0% used [0x00000000d6b00000,0x00000000d6b00000,0x00000000d6d00000)
 ParOldGen       total 68608K, used 58151K [0x0000000080000000, 0x0000000084300000, 0x00000000d5580000)
  object space 68608K, 84% used [0x0000000080000000,0x00000000838c9c28,0x0000000084300000)
 Metaspace       used 70341K, committed 72000K, reserved 1114112K
  class space    used 8713K, committed 9472K, reserved 1048576K
}
Event: 894.634 GC heap after
{Heap after GC invocations=115 (full 3):
 PSYoungGen      total 22016K, used 1792K [0x00000000d5580000, 0x00000000d6d00000, 0x0000000100000000)
  eden space 19968K, 0% used [0x00000000d5580000,0x00000000d5580000,0x00000000d6900000)
  from space 2048K, 87% used [0x00000000d6b00000,0x00000000d6cc0000,0x00000000d6d00000)
  to   space 2048K, 0% used [0x00000000d6900000,0x00000000d6900000,0x00000000d6b00000)
 ParOldGen       total 68608K, used 59916K [0x0000000080000000, 0x0000000084300000, 0x00000000d5580000)
  object space 68608K, 87% used [0x0000000080000000,0x0000000083a83250,0x0000000084300000)
 Metaspace       used 70341K, committed 72000K, reserved 1114112K
  class space    used 8713K, committed 9472K, reserved 1048576K
}
Event: 895.597 GC heap before
{Heap before GC invocations=116 (full 3):
 PSYoungGen      total 22016K, used 21760K [0x00000000d5580000, 0x00000000d6d00000, 0x0000000100000000)
  eden space 19968K, 100% used [0x00000000d5580000,0x00000000d6900000,0x00000000d6900000)
  from space 2048K, 87% used [0x00000000d6b00000,0x00000000d6cc0000,0x00000000d6d00000)
  to   space 2048K, 0% used [0x00000000d6900000,0x00000000d6900000,0x00000000d6b00000)
 ParOldGen       total 68608K, used 59916K [0x0000000080000000, 0x0000000084300000, 0x00000000d5580000)
  object space 68608K, 87% used [0x0000000080000000,0x0000000083a83250,0x0000000084300000)
 Metaspace       used 70377K, committed 72000K, reserved 1114112K
  class space    used 8715K, committed 9472K, reserved 1048576K
}
Event: 895.600 GC heap after
{Heap after GC invocations=116 (full 3):
 PSYoungGen      total 22016K, used 1984K [0x00000000d5580000, 0x00000000d6d00000, 0x0000000100000000)
  eden space 19968K, 0% used [0x00000000d5580000,0x00000000d5580000,0x00000000d6900000)
  from space 2048K, 96% used [0x00000000d6900000,0x00000000d6af0010,0x00000000d6b00000)
  to   space 2048K, 0% used [0x00000000d6b00000,0x00000000d6b00000,0x00000000d6d00000)
 ParOldGen       total 68608K, used 61596K [0x0000000080000000, 0x0000000084300000, 0x00000000d5580000)
  object space 68608K, 89% used [0x0000000080000000,0x0000000083c27250,0x0000000084300000)
 Metaspace       used 70377K, committed 72000K, reserved 1114112K
  class space    used 8715K, committed 9472K, reserved 1048576K
}
Event: 895.791 GC heap before
{Heap before GC invocations=117 (full 3):
 PSYoungGen      total 22016K, used 21952K [0x00000000d5580000, 0x00000000d6d00000, 0x0000000100000000)
  eden space 19968K, 100% used [0x00000000d5580000,0x00000000d6900000,0x00000000d6900000)
  from space 2048K, 96% used [0x00000000d6900000,0x00000000d6af0010,0x00000000d6b00000)
  to   space 2048K, 0% used [0x00000000d6b00000,0x00000000d6b00000,0x00000000d6d00000)
 ParOldGen       total 68608K, used 61596K [0x0000000080000000, 0x0000000084300000, 0x00000000d5580000)
  object space 68608K, 89% used [0x0000000080000000,0x0000000083c27250,0x0000000084300000)
 Metaspace       used 70482K, committed 72128K, reserved 1114112K
  class space    used 8723K, committed 9472K, reserved 1048576K
}
Event: 895.797 GC heap after
{Heap after GC invocations=117 (full 3):
 PSYoungGen      total 19456K, used 2029K [0x00000000d5580000, 0x00000000d7200000, 0x0000000100000000)
  eden space 17408K, 0% used [0x00000000d5580000,0x00000000d5580000,0x00000000d6680000)
  from space 2048K, 99% used [0x00000000d6b00000,0x00000000d6cfb510,0x00000000d6d00000)
  to   space 4608K, 0% used [0x00000000d6680000,0x00000000d6680000,0x00000000d6b00000)
 ParOldGen       total 68608K, used 63685K [0x0000000080000000, 0x0000000084300000, 0x00000000d5580000)
  object space 68608K, 92% used [0x0000000080000000,0x0000000083e31460,0x0000000084300000)
 Metaspace       used 70482K, committed 72128K, reserved 1114112K
  class space    used 8723K, committed 9472K, reserved 1048576K
}
Event: 902.495 GC heap before
{Heap before GC invocations=118 (full 3):
 PSYoungGen      total 19456K, used 19437K [0x00000000d5580000, 0x00000000d7200000, 0x0000000100000000)
  eden space 17408K, 100% used [0x00000000d5580000,0x00000000d6680000,0x00000000d6680000)
  from space 2048K, 99% used [0x00000000d6b00000,0x00000000d6cfb510,0x00000000d6d00000)
  to   space 4608K, 0% used [0x00000000d6680000,0x00000000d6680000,0x00000000d6b00000)
 ParOldGen       total 68608K, used 63685K [0x0000000080000000, 0x0000000084300000, 0x00000000d5580000)
  object space 68608K, 92% used [0x0000000080000000,0x0000000083e31460,0x0000000084300000)
 Metaspace       used 71622K, committed 73216K, reserved 1114112K
  class space    used 8815K, committed 9536K, reserved 1048576K
}
Event: 902.499 GC heap after
{Heap after GC invocations=118 (full 3):
 PSYoungGen      total 22016K, used 4346K [0x00000000d5580000, 0x00000000d6f80000, 0x0000000100000000)
  eden space 17408K, 0% used [0x00000000d5580000,0x00000000d5580000,0x00000000d6680000)
  from space 4608K, 94% used [0x00000000d6680000,0x00000000d6abe858,0x00000000d6b00000)
  to   space 4608K, 0% used [0x00000000d6b00000,0x00000000d6b00000,0x00000000d6f80000)
 ParOldGen       total 68608K, used 65714K [0x0000000080000000, 0x0000000084300000, 0x00000000d5580000)
  object space 68608K, 95% used [0x0000000080000000,0x000000008402c970,0x0000000084300000)
 Metaspace       used 71622K, committed 73216K, reserved 1114112K
  class space    used 8815K, committed 9536K, reserved 1048576K
}
Event: 902.540 GC heap before
{Heap before GC invocations=119 (full 3):
 PSYoungGen      total 22016K, used 21754K [0x00000000d5580000, 0x00000000d6f80000, 0x0000000100000000)
  eden space 17408K, 100% used [0x00000000d5580000,0x00000000d6680000,0x00000000d6680000)
  from space 4608K, 94% used [0x00000000d6680000,0x00000000d6abe858,0x00000000d6b00000)
  to   space 4608K, 0% used [0x00000000d6b00000,0x00000000d6b00000,0x00000000d6f80000)
 ParOldGen       total 68608K, used 65714K [0x0000000080000000, 0x0000000084300000, 0x00000000d5580000)
  object space 68608K, 95% used [0x0000000080000000,0x000000008402c970,0x0000000084300000)
 Metaspace       used 71642K, committed 73216K, reserved 1114112K
  class space    used 8815K, committed 9536K, reserved 1048576K
}
Event: 902.543 GC heap after
{Heap after GC invocations=119 (full 3):
 PSYoungGen      total 18432K, used 1001K [0x00000000d5580000, 0x00000000d6c00000, 0x0000000100000000)
  eden space 17408K, 0% used [0x00000000d5580000,0x00000000d5580000,0x00000000d6680000)
  from space 1024K, 97% used [0x00000000d6b00000,0x00000000d6bfa6e8,0x00000000d6c00000)
  to   space 2560K, 0% used [0x00000000d6700000,0x00000000d6700000,0x00000000d6980000)
 ParOldGen       total 69120K, used 69048K [0x0000000080000000, 0x0000000084380000, 0x00000000d5580000)
  object space 69120K, 99% used [0x0000000080000000,0x000000008436e3a0,0x0000000084380000)
 Metaspace       used 71642K, committed 73216K, reserved 1114112K
  class space    used 8815K, committed 9536K, reserved 1048576K
}
Event: 902.679 GC heap before
{Heap before GC invocations=120 (full 3):
 PSYoungGen      total 18432K, used 18409K [0x00000000d5580000, 0x00000000d6c00000, 0x0000000100000000)
  eden space 17408K, 100% used [0x00000000d5580000,0x00000000d6680000,0x00000000d6680000)
  from space 1024K, 97% used [0x00000000d6b00000,0x00000000d6bfa6e8,0x00000000d6c00000)
  to   space 2560K, 0% used [0x00000000d6700000,0x00000000d6700000,0x00000000d6980000)
 ParOldGen       total 69120K, used 69048K [0x0000000080000000, 0x0000000084380000, 0x00000000d5580000)
  object space 69120K, 99% used [0x0000000080000000,0x000000008436e3a0,0x0000000084380000)
 Metaspace       used 72784K, committed 74368K, reserved 1114112K
  class space    used 8931K, committed 9664K, reserved 1048576K
}
Event: 902.680 GC heap after
{Heap after GC invocations=120 (full 3):
 PSYoungGen      total 19968K, used 224K [0x00000000d5580000, 0x00000000d6b80000, 0x0000000100000000)
  eden space 17408K, 0% used [0x00000000d5580000,0x00000000d5580000,0x00000000d6680000)
  from space 2560K, 8% used [0x00000000d6700000,0x00000000d6738000,0x00000000d6980000)
  to   space 1024K, 0% used [0x00000000d6a80000,0x00000000d6a80000,0x00000000d6b80000)
 ParOldGen       total 69120K, used 69056K [0x0000000080000000, 0x0000000084380000, 0x00000000d5580000)
  object space 69120K, 99% used [0x0000000080000000,0x00000000843703a0,0x0000000084380000)
 Metaspace       used 72784K, committed 74368K, reserved 1114112K
  class space    used 8931K, committed 9664K, reserved 1048576K
}
Event: 902.986 GC heap before
{Heap before GC invocations=121 (full 3):
 PSYoungGen      total 19968K, used 17632K [0x00000000d5580000, 0x00000000d6b80000, 0x0000000100000000)
  eden space 17408K, 100% used [0x00000000d5580000,0x00000000d6680000,0x00000000d6680000)
  from space 2560K, 8% used [0x00000000d6700000,0x00000000d6738000,0x00000000d6980000)
  to   space 1024K, 0% used [0x00000000d6a80000,0x00000000d6a80000,0x00000000d6b80000)
 ParOldGen       total 69120K, used 69056K [0x0000000080000000, 0x0000000084380000, 0x00000000d5580000)
  object space 69120K, 99% used [0x0000000080000000,0x00000000843703a0,0x0000000084380000)
 Metaspace       used 73454K, committed 75008K, reserved 1179648K
  class space    used 9021K, committed 9728K, reserved 1048576K
}
Event: 902.988 GC heap after
{Heap after GC invocations=121 (full 3):
 PSYoungGen      total 17920K, used 320K [0x00000000d5580000, 0x00000000d6b00000, 0x0000000100000000)
  eden space 17408K, 0% used [0x00000000d5580000,0x00000000d5580000,0x00000000d6680000)
  from space 512K, 62% used [0x00000000d6a80000,0x00000000d6ad0000,0x00000000d6b00000)
  to   space 512K, 0% used [0x00000000d6a00000,0x00000000d6a00000,0x00000000d6a80000)
 ParOldGen       total 69632K, used 69184K [0x0000000080000000, 0x0000000084400000, 0x00000000d5580000)
  object space 69632K, 99% used [0x0000000080000000,0x00000000843903a0,0x0000000084400000)
 Metaspace       used 73454K, committed 75008K, reserved 1179648K
  class space    used 9021K, committed 9728K, reserved 1048576K
}
Event: 903.230 GC heap before
{Heap before GC invocations=122 (full 3):
 PSYoungGen      total 17920K, used 17716K [0x00000000d5580000, 0x00000000d6b00000, 0x0000000100000000)
  eden space 17408K, 99% used [0x00000000d5580000,0x00000000d667d110,0x00000000d6680000)
  from space 512K, 62% used [0x00000000d6a80000,0x00000000d6ad0000,0x00000000d6b00000)
  to   space 512K, 0% used [0x00000000d6a00000,0x00000000d6a00000,0x00000000d6a80000)
 ParOldGen       total 69632K, used 69184K [0x0000000080000000, 0x0000000084400000, 0x00000000d5580000)
  object space 69632K, 99% used [0x0000000080000000,0x00000000843903a0,0x0000000084400000)
 Metaspace       used 74541K, committed 76160K, reserved 1179648K
  class space    used 9119K, committed 9856K, reserved 1048576K
}
Event: 903.231 GC heap after
{Heap after GC invocations=122 (full 3):
 PSYoungGen      total 17920K, used 352K [0x00000000d5580000, 0x00000000d6b00000, 0x0000000100000000)
  eden space 17408K, 0% used [0x00000000d5580000,0x00000000d5580000,0x00000000d6680000)
  from space 512K, 68% used [0x00000000d6a00000,0x00000000d6a58000,0x00000000d6a80000)
  to   space 512K, 0% used [0x00000000d6a80000,0x00000000d6a80000,0x00000000d6b00000)
 ParOldGen       total 70656K, used 70158K [0x0000000080000000, 0x0000000084500000, 0x00000000d5580000)
  object space 70656K, 99% used [0x0000000080000000,0x00000000844838b0,0x0000000084500000)
 Metaspace       used 74541K, committed 76160K, reserved 1179648K
  class space    used 9119K, committed 9856K, reserved 1048576K
}

