# JRE version: Java(TM) SE Runtime Environment (21.0.2+13) (build 21.0.2+13-LTS-58)
# Java VM: Java HotSpot(TM) 64-Bit Server VM (21.0.2+13-LTS-58, mixed mode, sharing, tiered, compressed oops, compressed class ptrs, g1 gc, windows-amd64)
GC Precious Log:
 CardTable entry size: 512
 Card Set container configuration: InlinePtr #cards 4 size 8 Array Of Cards #cards 16 size 48 Howl #buckets 8 coarsen threshold 3686 Howl Bitmap #cards 512 size 80 coarsen threshold 460 Card regions per heap region 1 cards per card region 4096
 CPUs: 6 total, 6 available
 Memory: 8049M
 Large Page Support: Disabled
 NUMA Support: Disabled
 Compressed Oops: Enabled (Zero based)
 Heap Region Size: 2M
 Heap Min Capacity: 8M
 Heap Initial Capacity: 126M
 Heap Max Capacity: 4G
 Pre-touch: Disabled
 Parallel Workers: 6
 Concurrent Workers: 2
 Concurrent Refinement Workers: 6
 Periodic GC: Disabled
Heap:
 garbage-first heap   total 129024K, used 70755K [0x0000000700000000, 0x0000000800000000)
  region size 2048K, 2 young (4096K), 2 survivors (4096K)
 Metaspace       used 75890K, committed 77952K, reserved 983040K
  class space    used 10787K, committed 11776K, reserved 851968K
GC Heap History (20 events):
Event: 5.931 GC heap after
{Heap after GC invocations=12 (full 0):
 garbage-first heap   total 96256K, used 37623K [0x0000000700000000, 0x0000000800000000)
  region size 2048K, 4 young (8192K), 4 survivors (8192K)
 Metaspace       used 41733K, committed 42880K, reserved 917504K
  class space    used 5871K, committed 6400K, reserved 851968K
}
Event: 6.600 GC heap before
{Heap before GC invocations=12 (full 0):
 garbage-first heap   total 96256K, used 82679K [0x0000000700000000, 0x0000000800000000)
  region size 2048K, 25 young (51200K), 4 survivors (8192K)
 Metaspace       used 46205K, committed 47488K, reserved 917504K
  class space    used 6480K, committed 7104K, reserved 851968K
}
Event: 6.607 GC heap after
{Heap after GC invocations=13 (full 0):
 garbage-first heap   total 100352K, used 41226K [0x0000000700000000, 0x0000000800000000)
  region size 2048K, 2 young (4096K), 2 survivors (4096K)
 Metaspace       used 46205K, committed 47488K, reserved 917504K
  class space    used 6480K, committed 7104K, reserved 851968K
}
Event: 6.983 GC heap before
{Heap before GC invocations=13 (full 0):
 garbage-first heap   total 100352K, used 84234K [0x0000000700000000, 0x0000000800000000)
  region size 2048K, 24 young (49152K), 2 survivors (4096K)
 Metaspace       used 50018K, committed 51584K, reserved 917504K
  class space    used 6989K, committed 7744K, reserved 851968K
}
Event: 6.987 GC heap after
{Heap after GC invocations=14 (full 0):
 garbage-first heap   total 120832K, used 43134K [0x0000000700000000, 0x0000000800000000)
  region size 2048K, 1 young (2048K), 1 survivors (2048K)
 Metaspace       used 50018K, committed 51584K, reserved 917504K
  class space    used 6989K, committed 7744K, reserved 851968K
}
Event: 7.633 GC heap before
{Heap before GC invocations=14 (full 0):
 garbage-first heap   total 120832K, used 104574K [0x0000000700000000, 0x0000000800000000)
  region size 2048K, 31 young (63488K), 1 survivors (2048K)
 Metaspace       used 55436K, committed 57216K, reserved 917504K
  class space    used 7860K, committed 8768K, reserved 851968K
}
Event: 7.640 GC heap after
{Heap after GC invocations=15 (full 0):
 garbage-first heap   total 120832K, used 45914K [0x0000000700000000, 0x0000000800000000)
  region size 2048K, 3 young (6144K), 3 survivors (6144K)
 Metaspace       used 55436K, committed 57216K, reserved 917504K
  class space    used 7860K, committed 8768K, reserved 851968K
}
Event: 7.961 GC heap before
{Heap before GC invocations=15 (full 0):
 garbage-first heap   total 120832K, used 72538K [0x0000000700000000, 0x0000000800000000)
  region size 2048K, 17 young (34816K), 3 survivors (6144K)
 Metaspace       used 58520K, committed 60288K, reserved 917504K
  class space    used 8302K, committed 9216K, reserved 851968K
}
Event: 7.965 GC heap after
{Heap after GC invocations=16 (full 0):
 garbage-first heap   total 120832K, used 47450K [0x0000000700000000, 0x0000000800000000)
  region size 2048K, 3 young (6144K), 3 survivors (6144K)
 Metaspace       used 58520K, committed 60288K, reserved 917504K
  class space    used 8302K, committed 9216K, reserved 851968K
}
Event: 8.418 GC heap before
{Heap before GC invocations=17 (full 0):
 garbage-first heap   total 120832K, used 104794K [0x0000000700000000, 0x0000000800000000)
  region size 2048K, 31 young (63488K), 3 survivors (6144K)
 Metaspace       used 62446K, committed 64320K, reserved 917504K
  class space    used 8889K, committed 9792K, reserved 851968K
}
Event: 8.424 GC heap after
{Heap after GC invocations=18 (full 0):
 garbage-first heap   total 120832K, used 50969K [0x0000000700000000, 0x0000000800000000)
  region size 2048K, 3 young (6144K), 3 survivors (6144K)
 Metaspace       used 62446K, committed 64320K, reserved 917504K
  class space    used 8889K, committed 9792K, reserved 851968K
}
Event: 9.118 GC heap before
{Heap before GC invocations=18 (full 0):
 garbage-first heap   total 120832K, used 104217K [0x0000000700000000, 0x0000000800000000)
  region size 2048K, 29 young (59392K), 3 survivors (6144K)
 Metaspace       used 65101K, committed 67072K, reserved 917504K
  class space    used 9271K, committed 10240K, reserved 851968K
}
Event: 9.125 GC heap after
{Heap after GC invocations=19 (full 0):
 garbage-first heap   total 120832K, used 54896K [0x0000000700000000, 0x0000000800000000)
  region size 2048K, 4 young (8192K), 4 survivors (8192K)
 Metaspace       used 65101K, committed 67072K, reserved 917504K
  class space    used 9271K, committed 10240K, reserved 851968K
}
Event: 9.134 GC heap before
{Heap before GC invocations=19 (full 0):
 garbage-first heap   total 120832K, used 54896K [0x0000000700000000, 0x0000000800000000)
  region size 2048K, 5 young (10240K), 4 survivors (8192K)
 Metaspace       used 65110K, committed 67072K, reserved 917504K
  class space    used 9273K, committed 10240K, reserved 851968K
}
Event: 9.140 GC heap after
{Heap after GC invocations=20 (full 0):
 garbage-first heap   total 120832K, used 56392K [0x0000000700000000, 0x0000000800000000)
  region size 2048K, 1 young (2048K), 1 survivors (2048K)
 Metaspace       used 65110K, committed 67072K, reserved 917504K
  class space    used 9273K, committed 10240K, reserved 851968K
}
Event: 9.795 GC heap before
{Heap before GC invocations=21 (full 0):
 garbage-first heap   total 120832K, used 115784K [0x0000000700000000, 0x0000000800000000)
  region size 2048K, 26 young (53248K), 1 survivors (2048K)
 Metaspace       used 69674K, committed 71680K, reserved 917504K
  class space    used 9853K, committed 10816K, reserved 851968K
}
Event: 9.798 GC heap after
{Heap after GC invocations=22 (full 0):
 garbage-first heap   total 122880K, used 67773K [0x0000000700000000, 0x0000000800000000)
  region size 2048K, 3 young (6144K), 3 survivors (6144K)
 Metaspace       used 69674K, committed 71680K, reserved 917504K
  class space    used 9853K, committed 10816K, reserved 851968K
}
Event: 10.309 GC heap before
{Heap before GC invocations=22 (full 0):
 garbage-first heap   total 122880K, used 108733K [0x0000000700000000, 0x0000000800000000)
  region size 2048K, 23 young (47104K), 3 survivors (6144K)
 Metaspace       used 72480K, committed 74432K, reserved 917504K
  class space    used 10246K, committed 11200K, reserved 851968K
}
Event: 10.317 GC heap after
{Heap after GC invocations=23 (full 0):
 garbage-first heap   total 122880K, used 69292K [0x0000000700000000, 0x0000000800000000)
  region size 2048K, 1 young (2048K), 1 survivors (2048K)
 Metaspace       used 72480K, committed 74432K, reserved 917504K
  class space    used 10246K, committed 11200K, reserved 851968K
}
Event: 11.002 GC heap before
{Heap before GC invocations=23 (full 0):
 garbage-first heap   total 122880K, used 112300K [0x0000000700000000, 0x0000000800000000)
  region size 2048K, 22 young (45056K), 1 survivors (2048K)
 Metaspace       used 75890K, committed 77952K, reserved 983040K
  class space    used 10787K, committed 11776K, reserved 851968K
}

