# JRE version: Java(TM) SE Runtime Environment (21.0.2+13) (build 21.0.2+13-LTS-58)
# Java VM: Java HotSpot(TM) 64-Bit Server VM (21.0.2+13-LTS-58, mixed mode, sharing, tiered, compressed oops, compressed class ptrs, g1 gc, windows-amd64)
GC Precious Log:
 CardTable entry size: 512
 Card Set container configuration: InlinePtr #cards 4 size 8 Array Of Cards #cards 16 size 48 Howl #buckets 8 coarsen threshold 3686 Howl Bitmap #cards 512 size 80 coarsen threshold 460 Card regions per heap region 1 cards per card region 4096
 CPUs: 6 total, 6 available
 Memory: 8049M
 Large Page Support: Disabled
 NUMA Support: Disabled
 Compressed Oops: Enabled (Zero based)
 Heap Region Size: 2M
 Heap Min Capacity: 8M
 Heap Initial Capacity: 126M
 Heap Max Capacity: 4G
 Pre-touch: Disabled
 Parallel Workers: 6
 Concurrent Workers: 2
 Concurrent Refinement Workers: 6
 Periodic GC: Disabled
Heap:
 garbage-first heap   total 270336K, used 146002K [0x0000000700000000, 0x0000000800000000)
  region size 2048K, 13 young (26624K), 5 survivors (10240K)
 Metaspace       used 123248K, committed 125760K, reserved 983040K
  class space    used 16328K, committed 17536K, reserved 851968K
GC Heap History (20 events):
Event: 9.661 GC heap before
{Heap before GC invocations=20 (full 0):
 garbage-first heap   total 178176K, used 159645K [0x0000000700000000, 0x0000000800000000)
  region size 2048K, 51 young (104448K), 4 survivors (8192K)
 Metaspace       used 66252K, committed 68224K, reserved 917504K
  class space    used 9317K, committed 10304K, reserved 851968K
}
Event: 9.669 GC heap after
{Heap after GC invocations=21 (full 0):
 garbage-first heap   total 178176K, used 67893K [0x0000000700000000, 0x0000000800000000)
  region size 2048K, 4 young (8192K), 4 survivors (8192K)
 Metaspace       used 66252K, committed 68224K, reserved 917504K
  class space    used 9317K, committed 10304K, reserved 851968K
}
Event: 11.163 GC heap before
{Heap before GC invocations=21 (full 0):
 garbage-first heap   total 178176K, used 170293K [0x0000000700000000, 0x0000000800000000)
  region size 2048K, 48 young (98304K), 4 survivors (8192K)
 Metaspace       used 73917K, committed 75904K, reserved 917504K
  class space    used 10713K, committed 11712K, reserved 851968K
}
Event: 11.172 GC heap after
{Heap after GC invocations=22 (full 0):
 garbage-first heap   total 190464K, used 82685K [0x0000000700000000, 0x0000000800000000)
  region size 2048K, 6 young (12288K), 6 survivors (12288K)
 Metaspace       used 73917K, committed 75904K, reserved 917504K
  class space    used 10713K, committed 11712K, reserved 851968K
}
Event: 12.142 GC heap before
{Heap before GC invocations=22 (full 0):
 garbage-first heap   total 190464K, used 164605K [0x0000000700000000, 0x0000000800000000)
  region size 2048K, 46 young (94208K), 6 survivors (12288K)
 Metaspace       used 84559K, committed 86656K, reserved 983040K
  class space    used 11995K, committed 12992K, reserved 851968K
}
Event: 12.151 GC heap after
{Heap after GC invocations=23 (full 0):
 garbage-first heap   total 190464K, used 85823K [0x0000000700000000, 0x0000000800000000)
  region size 2048K, 2 young (4096K), 2 survivors (4096K)
 Metaspace       used 84559K, committed 86656K, reserved 983040K
  class space    used 11995K, committed 12992K, reserved 851968K
}
Event: 12.486 GC heap before
{Heap before GC invocations=23 (full 0):
 garbage-first heap   total 190464K, used 110399K [0x0000000700000000, 0x0000000800000000)
  region size 2048K, 15 young (30720K), 2 survivors (4096K)
 Metaspace       used 87952K, committed 90048K, reserved 983040K
  class space    used 12397K, committed 13376K, reserved 851968K
}
Event: 12.490 GC heap after
{Heap after GC invocations=24 (full 0):
 garbage-first heap   total 190464K, used 85989K [0x0000000700000000, 0x0000000800000000)
  region size 2048K, 2 young (4096K), 2 survivors (4096K)
 Metaspace       used 87952K, committed 90048K, reserved 983040K
  class space    used 12397K, committed 13376K, reserved 851968K
}
Event: 13.125 GC heap before
{Heap before GC invocations=24 (full 0):
 garbage-first heap   total 190464K, used 172005K [0x0000000700000000, 0x0000000800000000)
  region size 2048K, 42 young (86016K), 2 survivors (4096K)
 Metaspace       used 91530K, committed 93568K, reserved 983040K
  class space    used 12790K, committed 13760K, reserved 851968K
}
Event: 13.140 GC heap after
{Heap after GC invocations=25 (full 0):
 garbage-first heap   total 194560K, used 102128K [0x0000000700000000, 0x0000000800000000)
  region size 2048K, 6 young (12288K), 6 survivors (12288K)
 Metaspace       used 91530K, committed 93568K, reserved 983040K
  class space    used 12790K, committed 13760K, reserved 851968K
}
Event: 13.831 GC heap before
{Heap before GC invocations=26 (full 0):
 garbage-first heap   total 194560K, used 175856K [0x0000000700000000, 0x0000000800000000)
  region size 2048K, 39 young (79872K), 6 survivors (12288K)
 Metaspace       used 98313K, committed 100608K, reserved 983040K
  class space    used 13467K, committed 14592K, reserved 851968K
}
Event: 13.841 GC heap after
{Heap after GC invocations=27 (full 0):
 garbage-first heap   total 198656K, used 116286K [0x0000000700000000, 0x0000000800000000)
  region size 2048K, 4 young (8192K), 4 survivors (8192K)
 Metaspace       used 98313K, committed 100608K, reserved 983040K
  class space    used 13467K, committed 14592K, reserved 851968K
}
Event: 14.500 GC heap before
{Heap before GC invocations=27 (full 0):
 garbage-first heap   total 198656K, used 175678K [0x0000000700000000, 0x0000000800000000)
  region size 2048K, 33 young (67584K), 4 survivors (8192K)
 Metaspace       used 105677K, committed 108096K, reserved 983040K
  class space    used 14466K, committed 15680K, reserved 851968K
}
Event: 14.508 GC heap after
{Heap after GC invocations=28 (full 0):
 garbage-first heap   total 198656K, used 118760K [0x0000000700000000, 0x0000000800000000)
  region size 2048K, 5 young (10240K), 5 survivors (10240K)
 Metaspace       used 105677K, committed 108096K, reserved 983040K
  class space    used 14466K, committed 15680K, reserved 851968K
}
Event: 14.946 GC heap before
{Heap before GC invocations=28 (full 0):
 garbage-first heap   total 198656K, used 174056K [0x0000000700000000, 0x0000000800000000)
  region size 2048K, 32 young (65536K), 5 survivors (10240K)
 Metaspace       used 108225K, committed 110656K, reserved 983040K
  class space    used 14732K, committed 15936K, reserved 851968K
}
Event: 14.953 GC heap after
{Heap after GC invocations=29 (full 0):
 garbage-first heap   total 198656K, used 123162K [0x0000000700000000, 0x0000000800000000)
  region size 2048K, 4 young (8192K), 4 survivors (8192K)
 Metaspace       used 108225K, committed 110656K, reserved 983040K
  class space    used 14732K, committed 15936K, reserved 851968K
}
Event: 15.640 GC heap before
{Heap before GC invocations=30 (full 0):
 garbage-first heap   total 225280K, used 176410K [0x0000000700000000, 0x0000000800000000)
  region size 2048K, 30 young (61440K), 4 survivors (8192K)
 Metaspace       used 111926K, committed 114368K, reserved 983040K
  class space    used 15115K, committed 16320K, reserved 851968K
}
Event: 15.651 GC heap after
{Heap after GC invocations=31 (full 0):
 garbage-first heap   total 225280K, used 128433K [0x0000000700000000, 0x0000000800000000)
  region size 2048K, 4 young (8192K), 4 survivors (8192K)
 Metaspace       used 111926K, committed 114368K, reserved 983040K
  class space    used 15115K, committed 16320K, reserved 851968K
}
Event: 16.429 GC heap before
{Heap before GC invocations=31 (full 0):
 garbage-first heap   total 225280K, used 202161K [0x0000000700000000, 0x0000000800000000)
  region size 2048K, 40 young (81920K), 4 survivors (8192K)
 Metaspace       used 120828K, committed 123328K, reserved 983040K
  class space    used 16134K, committed 17344K, reserved 851968K
}
Event: 16.440 GC heap after
{Heap after GC invocations=32 (full 0):
 garbage-first heap   total 270336K, used 131666K [0x0000000700000000, 0x0000000800000000)
  region size 2048K, 5 young (10240K), 5 survivors (10240K)
 Metaspace       used 120828K, committed 123328K, reserved 983040K
  class space    used 16134K, committed 17344K, reserved 851968K
}

