# JRE version: OpenJDK Runtime Environment Temurin-21.0.10+7 (21.0.10+7) (build 21.0.10+7-LTS)
# Java VM: OpenJDK 64-Bit Server VM Temurin-21.0.10+7 (21.0.10+7-LTS, mixed mode, sharing, tiered, compressed oops, compressed class ptrs, parallel gc, windows-amd64)
GC Precious Log:
 CardTable entry size: 512
 CPUs: 6 total, 6 available
 Memory: 8049M
 Large Page Support: Disabled
 NUMA Support: Disabled
 Compressed Oops: Enabled (32-bit)
 Alignments: Space 512K, Generation 512K, Heap 2M
 Heap Min Capacity: 100M
 Heap Initial Capacity: 100M
 Heap Max Capacity: 2G
 Pre-touch: Disabled
 Parallel Workers: 6
Heap:
 PSYoungGen      total 23040K, used 21760K [0x00000000d5580000, 0x00000000d7200000, 0x0000000100000000)
  eden space 20992K, 100% used [0x00000000d5580000,0x00000000d6a00000,0x00000000d6a00000)
  from space 2048K, 37% used [0x00000000d6e00000,0x00000000d6ec0000,0x00000000d7000000)
  to   space 1536K, 0% used [0x00000000d7080000,0x00000000d7080000,0x00000000d7200000)
 ParOldGen       total 68608K, used 33311K [0x0000000080000000, 0x0000000084300000, 0x00000000d5580000)
  object space 68608K, 48% used [0x0000000080000000,0x0000000082087dc8,0x0000000084300000)
 Metaspace       used 48927K, committed 50112K, reserved 1114112K
  class space    used 5563K, committed 6080K, reserved 1048576K
GC Heap History (20 events):
Event: 47.730 GC heap before
{Heap before GC invocations=16 (full 2):
 PSYoungGen      total 22528K, used 416K [0x00000000d5580000, 0x00000000d6f80000, 0x0000000100000000)
  eden space 22016K, 0% used [0x00000000d5580000,0x00000000d5580000,0x00000000d6b00000)
  from space 512K, 81% used [0x00000000d6f00000,0x00000000d6f68000,0x00000000d6f80000)
  to   space 2048K, 0% used [0x00000000d6b80000,0x00000000d6b80000,0x00000000d6d80000)
 ParOldGen       total 68608K, used 20220K [0x0000000080000000, 0x0000000084300000, 0x00000000d5580000)
  object space 68608K, 29% used [0x0000000080000000,0x00000000813bf2f8,0x0000000084300000)
 Metaspace       used 34735K, committed 35840K, reserved 1114112K
  class space    used 3576K, committed 4032K, reserved 1048576K
}
Event: 47.760 GC heap after
{Heap after GC invocations=16 (full 2):
 PSYoungGen      total 22528K, used 0K [0x00000000d5580000, 0x00000000d6f80000, 0x0000000100000000)
  eden space 22016K, 0% used [0x00000000d5580000,0x00000000d5580000,0x00000000d6b00000)
  from space 512K, 0% used [0x00000000d6f00000,0x00000000d6f00000,0x00000000d6f80000)
  to   space 2048K, 0% used [0x00000000d6b80000,0x00000000d6b80000,0x00000000d6d80000)
 ParOldGen       total 68608K, used 19527K [0x0000000080000000, 0x0000000084300000, 0x00000000d5580000)
  object space 68608K, 28% used [0x0000000080000000,0x0000000081311e38,0x0000000084300000)
 Metaspace       used 34710K, committed 35840K, reserved 1114112K
  class space    used 3569K, committed 4032K, reserved 1048576K
}
Event: 47.921 GC heap before
{Heap before GC invocations=17 (full 2):
 PSYoungGen      total 22528K, used 22016K [0x00000000d5580000, 0x00000000d6f80000, 0x0000000100000000)
  eden space 22016K, 100% used [0x00000000d5580000,0x00000000d6b00000,0x00000000d6b00000)
  from space 512K, 0% used [0x00000000d6f00000,0x00000000d6f00000,0x00000000d6f80000)
  to   space 2048K, 0% used [0x00000000d6b80000,0x00000000d6b80000,0x00000000d6d80000)
 ParOldGen       total 68608K, used 19527K [0x0000000080000000, 0x0000000084300000, 0x00000000d5580000)
  object space 68608K, 28% used [0x0000000080000000,0x0000000081311e38,0x0000000084300000)
 Metaspace       used 37279K, committed 38400K, reserved 1114112K
  class space    used 3962K, committed 4416K, reserved 1048576K
}
Event: 47.923 GC heap after
{Heap after GC invocations=17 (full 2):
 PSYoungGen      total 24064K, used 672K [0x00000000d5580000, 0x00000000d6f80000, 0x0000000100000000)
  eden space 22016K, 0% used [0x00000000d5580000,0x00000000d5580000,0x00000000d6b00000)
  from space 2048K, 32% used [0x00000000d6b80000,0x00000000d6c28000,0x00000000d6d80000)
  to   space 1024K, 0% used [0x00000000d6e80000,0x00000000d6e80000,0x00000000d6f80000)
 ParOldGen       total 68608K, used 19535K [0x0000000080000000, 0x0000000084300000, 0x00000000d5580000)
  object space 68608K, 28% used [0x0000000080000000,0x0000000081313e38,0x0000000084300000)
 Metaspace       used 37279K, committed 38400K, reserved 1114112K
  class space    used 3962K, committed 4416K, reserved 1048576K
}
Event: 48.174 GC heap before
{Heap before GC invocations=18 (full 2):
 PSYoungGen      total 24064K, used 22688K [0x00000000d5580000, 0x00000000d6f80000, 0x0000000100000000)
  eden space 22016K, 100% used [0x00000000d5580000,0x00000000d6b00000,0x00000000d6b00000)
  from space 2048K, 32% used [0x00000000d6b80000,0x00000000d6c28000,0x00000000d6d80000)
  to   space 1024K, 0% used [0x00000000d6e80000,0x00000000d6e80000,0x00000000d6f80000)
 ParOldGen       total 68608K, used 19535K [0x0000000080000000, 0x0000000084300000, 0x00000000d5580000)
  object space 68608K, 28% used [0x0000000080000000,0x0000000081313e38,0x0000000084300000)
 Metaspace       used 39012K, committed 40192K, reserved 1114112K
  class space    used 4195K, committed 4672K, reserved 1048576K
}
Event: 48.177 GC heap after
{Heap after GC invocations=18 (full 2):
 PSYoungGen      total 22016K, used 1006K [0x00000000d5580000, 0x00000000d7400000, 0x0000000100000000)
  eden space 20992K, 0% used [0x00000000d5580000,0x00000000d5580000,0x00000000d6a00000)
  from space 1024K, 98% used [0x00000000d6e80000,0x00000000d6f7bb80,0x00000000d6f80000)
  to   space 4608K, 0% used [0x00000000d6a00000,0x00000000d6a00000,0x00000000d6e80000)
 ParOldGen       total 68608K, used 22337K [0x0000000080000000, 0x0000000084300000, 0x00000000d5580000)
  object space 68608K, 32% used [0x0000000080000000,0x00000000815d06c8,0x0000000084300000)
 Metaspace       used 39012K, committed 40192K, reserved 1114112K
  class space    used 4195K, committed 4672K, reserved 1048576K
}
Event: 48.450 GC heap before
{Heap before GC invocations=19 (full 2):
 PSYoungGen      total 22016K, used 21998K [0x00000000d5580000, 0x00000000d7400000, 0x0000000100000000)
  eden space 20992K, 100% used [0x00000000d5580000,0x00000000d6a00000,0x00000000d6a00000)
  from space 1024K, 98% used [0x00000000d6e80000,0x00000000d6f7bb80,0x00000000d6f80000)
  to   space 4608K, 0% used [0x00000000d6a00000,0x00000000d6a00000,0x00000000d6e80000)
 ParOldGen       total 68608K, used 22337K [0x0000000080000000, 0x0000000084300000, 0x00000000d5580000)
  object space 68608K, 32% used [0x0000000080000000,0x00000000815d06c8,0x0000000084300000)
 Metaspace       used 39850K, committed 41024K, reserved 1114112K
  class space    used 4310K, committed 4800K, reserved 1048576K
}
Event: 48.454 GC heap after
{Heap after GC invocations=19 (full 2):
 PSYoungGen      total 25600K, used 4603K [0x00000000d5580000, 0x00000000d7b00000, 0x0000000100000000)
  eden space 20992K, 0% used [0x00000000d5580000,0x00000000d5580000,0x00000000d6a00000)
  from space 4608K, 99% used [0x00000000d6a00000,0x00000000d6e7eca8,0x00000000d6e80000)
  to   space 8704K, 0% used [0x00000000d7280000,0x00000000d7280000,0x00000000d7b00000)
 ParOldGen       total 68608K, used 25189K [0x0000000080000000, 0x0000000084300000, 0x00000000d5580000)
  object space 68608K, 36% used [0x0000000080000000,0x0000000081899768,0x0000000084300000)
 Metaspace       used 39850K, committed 41024K, reserved 1114112K
  class space    used 4310K, committed 4800K, reserved 1048576K
}
Event: 48.613 GC heap before
{Heap before GC invocations=20 (full 2):
 PSYoungGen      total 25600K, used 25595K [0x00000000d5580000, 0x00000000d7b00000, 0x0000000100000000)
  eden space 20992K, 100% used [0x00000000d5580000,0x00000000d6a00000,0x00000000d6a00000)
  from space 4608K, 99% used [0x00000000d6a00000,0x00000000d6e7eca8,0x00000000d6e80000)
  to   space 8704K, 0% used [0x00000000d7280000,0x00000000d7280000,0x00000000d7b00000)
 ParOldGen       total 68608K, used 25189K [0x0000000080000000, 0x0000000084300000, 0x00000000d5580000)
  object space 68608K, 36% used [0x0000000080000000,0x0000000081899768,0x0000000084300000)
 Metaspace       used 41521K, committed 42624K, reserved 1114112K
  class space    used 4563K, committed 5056K, reserved 1048576K
}
Event: 48.615 GC heap after
{Heap after GC invocations=20 (full 2):
 PSYoungGen      total 22016K, used 576K [0x00000000d5580000, 0x00000000d7380000, 0x0000000100000000)
  eden space 20992K, 0% used [0x00000000d5580000,0x00000000d5580000,0x00000000d6a00000)
  from space 1024K, 56% used [0x00000000d7280000,0x00000000d7310000,0x00000000d7380000)
  to   space 3584K, 0% used [0x00000000d6c80000,0x00000000d6c80000,0x00000000d7000000)
 ParOldGen       total 68608K, used 29783K [0x0000000080000000, 0x0000000084300000, 0x00000000d5580000)
  object space 68608K, 43% used [0x0000000080000000,0x0000000081d15cd8,0x0000000084300000)
 Metaspace       used 41521K, committed 42624K, reserved 1114112K
  class space    used 4563K, committed 5056K, reserved 1048576K
}
Event: 48.790 GC heap before
{Heap before GC invocations=21 (full 2):
 PSYoungGen      total 22016K, used 21568K [0x00000000d5580000, 0x00000000d7380000, 0x0000000100000000)
  eden space 20992K, 100% used [0x00000000d5580000,0x00000000d6a00000,0x00000000d6a00000)
  from space 1024K, 56% used [0x00000000d7280000,0x00000000d7310000,0x00000000d7380000)
  to   space 3584K, 0% used [0x00000000d6c80000,0x00000000d6c80000,0x00000000d7000000)
 ParOldGen       total 68608K, used 29783K [0x0000000080000000, 0x0000000084300000, 0x00000000d5580000)
  object space 68608K, 43% used [0x0000000080000000,0x0000000081d15cd8,0x0000000084300000)
 Metaspace       used 43458K, committed 44608K, reserved 1114112K
  class space    used 4869K, committed 5376K, reserved 1048576K
}
Event: 48.792 GC heap after
{Heap after GC invocations=21 (full 2):
 PSYoungGen      total 24576K, used 960K [0x00000000d5580000, 0x00000000d7300000, 0x0000000100000000)
  eden space 20992K, 0% used [0x00000000d5580000,0x00000000d5580000,0x00000000d6a00000)
  from space 3584K, 26% used [0x00000000d6c80000,0x00000000d6d70000,0x00000000d7000000)
  to   space 1536K, 0% used [0x00000000d7180000,0x00000000d7180000,0x00000000d7300000)
 ParOldGen       total 68608K, used 30223K [0x0000000080000000, 0x0000000084300000, 0x00000000d5580000)
  object space 68608K, 44% used [0x0000000080000000,0x0000000081d83cd8,0x0000000084300000)
 Metaspace       used 43458K, committed 44608K, reserved 1114112K
  class space    used 4869K, committed 5376K, reserved 1048576K
}
Event: 48.996 GC heap before
{Heap before GC invocations=22 (full 2):
 PSYoungGen      total 24576K, used 21952K [0x00000000d5580000, 0x00000000d7300000, 0x0000000100000000)
  eden space 20992K, 100% used [0x00000000d5580000,0x00000000d6a00000,0x00000000d6a00000)
  from space 3584K, 26% used [0x00000000d6c80000,0x00000000d6d70000,0x00000000d7000000)
  to   space 1536K, 0% used [0x00000000d7180000,0x00000000d7180000,0x00000000d7300000)
 ParOldGen       total 68608K, used 30223K [0x0000000080000000, 0x0000000084300000, 0x00000000d5580000)
  object space 68608K, 44% used [0x0000000080000000,0x0000000081d83cd8,0x0000000084300000)
 Metaspace       used 45098K, committed 46272K, reserved 1114112K
  class space    used 5077K, committed 5568K, reserved 1048576K
}
Event: 48.998 GC heap after
{Heap after GC invocations=22 (full 2):
 PSYoungGen      total 22016K, used 864K [0x00000000d5580000, 0x00000000d7280000, 0x0000000100000000)
  eden space 20992K, 0% used [0x00000000d5580000,0x00000000d5580000,0x00000000d6a00000)
  from space 1024K, 84% used [0x00000000d7180000,0x00000000d7258000,0x00000000d7280000)
  to   space 1024K, 0% used [0x00000000d7080000,0x00000000d7080000,0x00000000d7180000)
 ParOldGen       total 68608K, used 31011K [0x0000000080000000, 0x0000000084300000, 0x00000000d5580000)
  object space 68608K, 45% used [0x0000000080000000,0x0000000081e48cf8,0x0000000084300000)
 Metaspace       used 45098K, committed 46272K, reserved 1114112K
  class space    used 5077K, committed 5568K, reserved 1048576K
}
Event: 49.198 GC heap before
{Heap before GC invocations=23 (full 2):
 PSYoungGen      total 22016K, used 21856K [0x00000000d5580000, 0x00000000d7280000, 0x0000000100000000)
  eden space 20992K, 100% used [0x00000000d5580000,0x00000000d6a00000,0x00000000d6a00000)
  from space 1024K, 84% used [0x00000000d7180000,0x00000000d7258000,0x00000000d7280000)
  to   space 1024K, 0% used [0x00000000d7080000,0x00000000d7080000,0x00000000d7180000)
 ParOldGen       total 68608K, used 31011K [0x0000000080000000, 0x0000000084300000, 0x00000000d5580000)
  object space 68608K, 45% used [0x0000000080000000,0x0000000081e48cf8,0x0000000084300000)
 Metaspace       used 46104K, committed 47296K, reserved 1114112K
  class space    used 5202K, committed 5760K, reserved 1048576K
}
Event: 49.200 GC heap after
{Heap after GC invocations=23 (full 2):
 PSYoungGen      total 22016K, used 844K [0x00000000d5580000, 0x00000000d7200000, 0x0000000100000000)
  eden space 20992K, 0% used [0x00000000d5580000,0x00000000d5580000,0x00000000d6a00000)
  from space 1024K, 82% used [0x00000000d7080000,0x00000000d7153260,0x00000000d7180000)
  to   space 512K, 0% used [0x00000000d7180000,0x00000000d7180000,0x00000000d7200000)
 ParOldGen       total 68608K, used 31715K [0x0000000080000000, 0x0000000084300000, 0x00000000d5580000)
  object space 68608K, 46% used [0x0000000080000000,0x0000000081ef8d98,0x0000000084300000)
 Metaspace       used 46104K, committed 47296K, reserved 1114112K
  class space    used 5202K, committed 5760K, reserved 1048576K
}
Event: 49.401 GC heap before
{Heap before GC invocations=24 (full 2):
 PSYoungGen      total 22016K, used 21836K [0x00000000d5580000, 0x00000000d7200000, 0x0000000100000000)
  eden space 20992K, 100% used [0x00000000d5580000,0x00000000d6a00000,0x00000000d6a00000)
  from space 1024K, 82% used [0x00000000d7080000,0x00000000d7153260,0x00000000d7180000)
  to   space 512K, 0% used [0x00000000d7180000,0x00000000d7180000,0x00000000d7200000)
 ParOldGen       total 68608K, used 31715K [0x0000000080000000, 0x0000000084300000, 0x00000000d5580000)
  object space 68608K, 46% used [0x0000000080000000,0x0000000081ef8d98,0x0000000084300000)
 Metaspace       used 46948K, committed 48192K, reserved 1114112K
  class space    used 5328K, committed 5888K, reserved 1048576K
}
Event: 49.404 GC heap after
{Heap after GC invocations=24 (full 2):
 PSYoungGen      total 21504K, used 512K [0x00000000d5580000, 0x00000000d7200000, 0x0000000100000000)
  eden space 20992K, 0% used [0x00000000d5580000,0x00000000d5580000,0x00000000d6a00000)
  from space 512K, 100% used [0x00000000d7180000,0x00000000d7200000,0x00000000d7200000)
  to   space 2048K, 0% used [0x00000000d6e00000,0x00000000d6e00000,0x00000000d7000000)
 ParOldGen       total 68608K, used 32815K [0x0000000080000000, 0x0000000084300000, 0x00000000d5580000)
  object space 68608K, 47% used [0x0000000080000000,0x000000008200bdc8,0x0000000084300000)
 Metaspace       used 46948K, committed 48192K, reserved 1114112K
  class space    used 5328K, committed 5888K, reserved 1048576K
}
Event: 49.753 GC heap before
{Heap before GC invocations=25 (full 2):
 PSYoungGen      total 21504K, used 21504K [0x00000000d5580000, 0x00000000d7200000, 0x0000000100000000)
  eden space 20992K, 100% used [0x00000000d5580000,0x00000000d6a00000,0x00000000d6a00000)
  from space 512K, 100% used [0x00000000d7180000,0x00000000d7200000,0x00000000d7200000)
  to   space 2048K, 0% used [0x00000000d6e00000,0x00000000d6e00000,0x00000000d7000000)
 ParOldGen       total 68608K, used 32815K [0x0000000080000000, 0x0000000084300000, 0x00000000d5580000)
  object space 68608K, 47% used [0x0000000080000000,0x000000008200bdc8,0x0000000084300000)
 Metaspace       used 47831K, committed 48960K, reserved 1114112K
  class space    used 5452K, committed 5952K, reserved 1048576K
}
Event: 49.755 GC heap after
{Heap after GC invocations=25 (full 2):
 PSYoungGen      total 23040K, used 768K [0x00000000d5580000, 0x00000000d7200000, 0x0000000100000000)
  eden space 20992K, 0% used [0x00000000d5580000,0x00000000d5580000,0x00000000d6a00000)
  from space 2048K, 37% used [0x00000000d6e00000,0x00000000d6ec0000,0x00000000d7000000)
  to   space 1536K, 0% used [0x00000000d7080000,0x00000000d7080000,0x00000000d7200000)
 ParOldGen       total 68608K, used 33311K [0x0000000080000000, 0x0000000084300000, 0x00000000d5580000)
  object space 68608K, 48% used [0x0000000080000000,0x0000000082087dc8,0x0000000084300000)
 Metaspace       used 47831K, committed 48960K, reserved 1114112K
  class space    used 5452K, committed 5952K, reserved 1048576K
}

