# JRE version: Java(TM) SE Runtime Environment (21.0.2+13) (build 21.0.2+13-LTS-58)
# Java VM: Java HotSpot(TM) 64-Bit Server VM (21.0.2+13-LTS-58, mixed mode, sharing, tiered, compressed oops, compressed class ptrs, g1 gc, windows-amd64)
GC Precious Log:
 CardTable entry size: 512
 Card Set container configuration: InlinePtr #cards 5 size 8 Array Of Cards #cards 12 size 40 Howl #buckets 4 coarsen threshold 1843 Howl Bitmap #cards 512 size 80 coarsen threshold 460 Card regions per heap region 1 cards per card region 2048
 CPUs: 6 total, 6 available
 Memory: 8049M
 Large Page Support: Disabled
 NUMA Support: Disabled
 Compressed Oops: Enabled (32-bit)
 Heap Region Size: 1M
 Heap Min Capacity: 8M
 Heap Initial Capacity: 126M
 Heap Max Capacity: 2G
 Pre-touch: Disabled
 Parallel Workers: 6
 Concurrent Workers: 2
 Concurrent Refinement Workers: 6
 Periodic GC: Disabled
Heap:
 garbage-first heap   total 400384K, used 149504K [0x0000000080000000, 0x0000000100000000)
  region size 1024K, 19 young (19456K), 19 survivors (19456K)
 Metaspace       used 100178K, committed 102592K, reserved 557056K
  class space    used 13935K, committed 15104K, reserved 425984K
GC Heap History (20 events):
Event: 17.083 GC heap after
{Heap after GC invocations=47 (full 0):
 garbage-first heap   total 400384K, used 142926K [0x0000000080000000, 0x0000000100000000)
  region size 1024K, 13 young (13312K), 13 survivors (13312K)
 Metaspace       used 99839K, committed 102208K, reserved 557056K
  class space    used 13894K, committed 15040K, reserved 425984K
}
Event: 17.582 GC heap before
{Heap before GC invocations=47 (full 0):
 garbage-first heap   total 400384K, used 365134K [0x0000000080000000, 0x0000000100000000)
  region size 1024K, 230 young (235520K), 13 survivors (13312K)
 Metaspace       used 100001K, committed 102400K, reserved 557056K
  class space    used 13919K, committed 15104K, reserved 425984K
}
Event: 17.591 GC heap after
{Heap after GC invocations=48 (full 0):
 garbage-first heap   total 400384K, used 144974K [0x0000000080000000, 0x0000000100000000)
  region size 1024K, 15 young (15360K), 15 survivors (15360K)
 Metaspace       used 100001K, committed 102400K, reserved 557056K
  class space    used 13919K, committed 15104K, reserved 425984K
}
Event: 18.131 GC heap before
{Heap before GC invocations=49 (full 0):
 garbage-first heap   total 400384K, used 362062K [0x0000000080000000, 0x0000000100000000)
  region size 1024K, 228 young (233472K), 15 survivors (15360K)
 Metaspace       used 100020K, committed 102464K, reserved 557056K
  class space    used 13920K, committed 15104K, reserved 425984K
}
Event: 18.139 GC heap after
{Heap after GC invocations=50 (full 0):
 garbage-first heap   total 400384K, used 142414K [0x0000000080000000, 0x0000000100000000)
  region size 1024K, 13 young (13312K), 13 survivors (13312K)
 Metaspace       used 100020K, committed 102464K, reserved 557056K
  class space    used 13920K, committed 15104K, reserved 425984K
}
Event: 18.564 GC heap before
{Heap before GC invocations=50 (full 0):
 garbage-first heap   total 400384K, used 364622K [0x0000000080000000, 0x0000000100000000)
  region size 1024K, 230 young (235520K), 13 survivors (13312K)
 Metaspace       used 100023K, committed 102464K, reserved 557056K
  class space    used 13920K, committed 15104K, reserved 425984K
}
Event: 18.575 GC heap after
{Heap after GC invocations=51 (full 0):
 garbage-first heap   total 400384K, used 143078K [0x0000000080000000, 0x0000000100000000)
  region size 1024K, 15 young (15360K), 15 survivors (15360K)
 Metaspace       used 100023K, committed 102464K, reserved 557056K
  class space    used 13920K, committed 15104K, reserved 425984K
}
Event: 19.122 GC heap before
{Heap before GC invocations=51 (full 0):
 garbage-first heap   total 400384K, used 363238K [0x0000000080000000, 0x0000000100000000)
  region size 1024K, 230 young (235520K), 15 survivors (15360K)
 Metaspace       used 100040K, committed 102528K, reserved 557056K
  class space    used 13920K, committed 15104K, reserved 425984K
}
Event: 19.136 GC heap after
{Heap after GC invocations=52 (full 0):
 garbage-first heap   total 400384K, used 144544K [0x0000000080000000, 0x0000000100000000)
  region size 1024K, 18 young (18432K), 18 survivors (18432K)
 Metaspace       used 100040K, committed 102528K, reserved 557056K
  class space    used 13920K, committed 15104K, reserved 425984K
}
Event: 19.707 GC heap before
{Heap before GC invocations=53 (full 0):
 garbage-first heap   total 400384K, used 359584K [0x0000000080000000, 0x0000000100000000)
  region size 1024K, 228 young (233472K), 18 survivors (18432K)
 Metaspace       used 100087K, committed 102528K, reserved 557056K
  class space    used 13921K, committed 15104K, reserved 425984K
}
Event: 19.719 GC heap after
{Heap after GC invocations=54 (full 0):
 garbage-first heap   total 400384K, used 142988K [0x0000000080000000, 0x0000000100000000)
  region size 1024K, 14 young (14336K), 14 survivors (14336K)
 Metaspace       used 100087K, committed 102528K, reserved 557056K
  class space    used 13921K, committed 15104K, reserved 425984K
}
Event: 20.047 GC heap before
{Heap before GC invocations=54 (full 0):
 garbage-first heap   total 400384K, used 364172K [0x0000000080000000, 0x0000000100000000)
  region size 1024K, 230 young (235520K), 14 survivors (14336K)
 Metaspace       used 100088K, committed 102528K, reserved 557056K
  class space    used 13921K, committed 15104K, reserved 425984K
}
Event: 20.058 GC heap after
{Heap after GC invocations=55 (full 0):
 garbage-first heap   total 400384K, used 143626K [0x0000000080000000, 0x0000000100000000)
  region size 1024K, 17 young (17408K), 17 survivors (17408K)
 Metaspace       used 100088K, committed 102528K, reserved 557056K
  class space    used 13921K, committed 15104K, reserved 425984K
}
Event: 20.373 GC heap before
{Heap before GC invocations=55 (full 0):
 garbage-first heap   total 400384K, used 360714K [0x0000000080000000, 0x0000000100000000)
  region size 1024K, 229 young (234496K), 17 survivors (17408K)
 Metaspace       used 100088K, committed 102528K, reserved 557056K
  class space    used 13921K, committed 15104K, reserved 425984K
}
Event: 20.388 GC heap after
{Heap after GC invocations=56 (full 0):
 garbage-first heap   total 400384K, used 147161K [0x0000000080000000, 0x0000000100000000)
  region size 1024K, 19 young (19456K), 19 survivors (19456K)
 Metaspace       used 100088K, committed 102528K, reserved 557056K
  class space    used 13921K, committed 15104K, reserved 425984K
}
Event: 20.802 GC heap before
{Heap before GC invocations=57 (full 0):
 garbage-first heap   total 400384K, used 359129K [0x0000000080000000, 0x0000000100000000)
  region size 1024K, 226 young (231424K), 19 survivors (19456K)
 Metaspace       used 100089K, committed 102528K, reserved 557056K
  class space    used 13921K, committed 15104K, reserved 425984K
}
Event: 20.815 GC heap after
{Heap after GC invocations=58 (full 0):
 garbage-first heap   total 400384K, used 150294K [0x0000000080000000, 0x0000000100000000)
  region size 1024K, 18 young (18432K), 18 survivors (18432K)
 Metaspace       used 100089K, committed 102528K, reserved 557056K
  class space    used 13921K, committed 15104K, reserved 425984K
}
Event: 21.192 GC heap before
{Heap before GC invocations=58 (full 0):
 garbage-first heap   total 400384K, used 360214K [0x0000000080000000, 0x0000000100000000)
  region size 1024K, 223 young (228352K), 18 survivors (18432K)
 Metaspace       used 100096K, committed 102528K, reserved 557056K
  class space    used 13921K, committed 15104K, reserved 425984K
}
Event: 21.204 GC heap after
{Heap after GC invocations=59 (full 0):
 garbage-first heap   total 400384K, used 151345K [0x0000000080000000, 0x0000000100000000)
  region size 1024K, 17 young (17408K), 17 survivors (17408K)
 Metaspace       used 100096K, committed 102528K, reserved 557056K
  class space    used 13921K, committed 15104K, reserved 425984K
}
Event: 22.249 GC heap before
{Heap before GC invocations=59 (full 0):
 garbage-first heap   total 400384K, used 360241K [0x0000000080000000, 0x0000000100000000)
  region size 1024K, 221 young (226304K), 17 survivors (17408K)
 Metaspace       used 100178K, committed 102592K, reserved 557056K
  class space    used 13935K, committed 15104K, reserved 425984K
}

