# JRE version: OpenJDK Runtime Environment Temurin-21.0.10+7 (21.0.10+7) (build 21.0.10+7-LTS)
# Java VM: OpenJDK 64-Bit Server VM Temurin-21.0.10+7 (21.0.10+7-LTS, mixed mode, sharing, tiered, compressed oops, compressed class ptrs, g1 gc, windows-amd64)
GC Precious Log:
 CardTable entry size: 512
 Card Set container configuration: InlinePtr #cards 5 size 8 Array Of Cards #cards 12 size 40 Howl #buckets 4 coarsen threshold 1843 Howl Bitmap #cards 512 size 80 coarsen threshold 460 Card regions per heap region 1 cards per card region 2048
 CPUs: 6 total, 6 available
 Memory: 8049M
 Large Page Support: Disabled
 NUMA Support: Disabled
 Compressed Oops: Enabled (32-bit)
 Heap Region Size: 1M
 Heap Min Capacity: 8M
 Heap Initial Capacity: 126M
 Heap Max Capacity: 2G
 Pre-touch: Disabled
 Parallel Workers: 6
 Concurrent Workers: 2
 Concurrent Refinement Workers: 6
 Periodic GC: Disabled
Heap:
 garbage-first heap   total 276480K, used 143501K [0x0000000080000000, 0x0000000100000000)
  region size 1024K, 11 young (11264K), 11 survivors (11264K)
 Metaspace       used 104136K, committed 106496K, reserved 557056K
  class space    used 14521K, committed 15680K, reserved 425984K
GC Heap History (20 events):
Event: 26.407 GC heap after
{Heap after GC invocations=55 (full 0):
 garbage-first heap   total 276480K, used 132726K [0x0000000080000000, 0x0000000100000000)
  region size 1024K, 7 young (7168K), 7 survivors (7168K)
 Metaspace       used 103999K, committed 106368K, reserved 557056K
  class space    used 14509K, committed 15680K, reserved 425984K
}
Event: 27.239 GC heap before
{Heap before GC invocations=55 (full 0):
 garbage-first heap   total 276480K, used 260726K [0x0000000080000000, 0x0000000100000000)
  region size 1024K, 132 young (135168K), 7 survivors (7168K)
 Metaspace       used 104041K, committed 106432K, reserved 557056K
  class space    used 14513K, committed 15680K, reserved 425984K
}
Event: 27.246 GC heap after
{Heap after GC invocations=56 (full 0):
 garbage-first heap   total 276480K, used 133229K [0x0000000080000000, 0x0000000100000000)
  region size 1024K, 8 young (8192K), 8 survivors (8192K)
 Metaspace       used 104041K, committed 106432K, reserved 557056K
  class space    used 14513K, committed 15680K, reserved 425984K
}
Event: 27.456 GC heap before
{Heap before GC invocations=56 (full 0):
 garbage-first heap   total 276480K, used 261229K [0x0000000080000000, 0x0000000100000000)
  region size 1024K, 133 young (136192K), 8 survivors (8192K)
 Metaspace       used 104042K, committed 106432K, reserved 557056K
  class space    used 14514K, committed 15680K, reserved 425984K
}
Event: 27.462 GC heap after
{Heap after GC invocations=57 (full 0):
 garbage-first heap   total 276480K, used 135014K [0x0000000080000000, 0x0000000100000000)
  region size 1024K, 10 young (10240K), 10 survivors (10240K)
 Metaspace       used 104042K, committed 106432K, reserved 557056K
  class space    used 14514K, committed 15680K, reserved 425984K
}
Event: 27.722 GC heap before
{Heap before GC invocations=58 (full 0):
 garbage-first heap   total 276480K, used 260966K [0x0000000080000000, 0x0000000100000000)
  region size 1024K, 133 young (136192K), 10 survivors (10240K)
 Metaspace       used 104047K, committed 106432K, reserved 557056K
  class space    used 14514K, committed 15680K, reserved 425984K
}
Event: 27.728 GC heap after
{Heap after GC invocations=59 (full 0):
 garbage-first heap   total 276480K, used 135855K [0x0000000080000000, 0x0000000100000000)
  region size 1024K, 11 young (11264K), 11 survivors (11264K)
 Metaspace       used 104047K, committed 106432K, reserved 557056K
  class space    used 14514K, committed 15680K, reserved 425984K
}
Event: 28.371 GC heap before
{Heap before GC invocations=59 (full 0):
 garbage-first heap   total 276480K, used 259759K [0x0000000080000000, 0x0000000100000000)
  region size 1024K, 133 young (136192K), 11 survivors (11264K)
 Metaspace       used 104066K, committed 106432K, reserved 557056K
  class space    used 14515K, committed 15680K, reserved 425984K
}
Event: 28.383 GC heap after
{Heap after GC invocations=60 (full 0):
 garbage-first heap   total 276480K, used 136720K [0x0000000080000000, 0x0000000100000000)
  region size 1024K, 11 young (11264K), 11 survivors (11264K)
 Metaspace       used 104066K, committed 106432K, reserved 557056K
  class space    used 14515K, committed 15680K, reserved 425984K
}
Event: 28.572 GC heap before
{Heap before GC invocations=60 (full 0):
 garbage-first heap   total 276480K, used 261648K [0x0000000080000000, 0x0000000100000000)
  region size 1024K, 133 young (136192K), 11 survivors (11264K)
 Metaspace       used 104066K, committed 106432K, reserved 557056K
  class space    used 14515K, committed 15680K, reserved 425984K
}
Event: 28.578 GC heap after
{Heap after GC invocations=61 (full 0):
 garbage-first heap   total 276480K, used 138652K [0x0000000080000000, 0x0000000100000000)
  region size 1024K, 11 young (11264K), 11 survivors (11264K)
 Metaspace       used 104066K, committed 106432K, reserved 557056K
  class space    used 14515K, committed 15680K, reserved 425984K
}
Event: 28.751 GC heap before
{Heap before GC invocations=62 (full 0):
 garbage-first heap   total 276480K, used 260508K [0x0000000080000000, 0x0000000100000000)
  region size 1024K, 130 young (133120K), 11 survivors (11264K)
 Metaspace       used 104124K, committed 106496K, reserved 557056K
  class space    used 14520K, committed 15680K, reserved 425984K
}
Event: 28.757 GC heap after
{Heap after GC invocations=63 (full 0):
 garbage-first heap   total 276480K, used 140865K [0x0000000080000000, 0x0000000100000000)
  region size 1024K, 10 young (10240K), 10 survivors (10240K)
 Metaspace       used 104124K, committed 106496K, reserved 557056K
  class space    used 14520K, committed 15680K, reserved 425984K
}
Event: 28.916 GC heap before
{Heap before GC invocations=63 (full 0):
 garbage-first heap   total 276480K, used 261697K [0x0000000080000000, 0x0000000100000000)
  region size 1024K, 128 young (131072K), 10 survivors (10240K)
 Metaspace       used 104124K, committed 106496K, reserved 557056K
  class space    used 14520K, committed 15680K, reserved 425984K
}
Event: 28.922 GC heap after
{Heap after GC invocations=64 (full 0):
 garbage-first heap   total 276480K, used 141547K [0x0000000080000000, 0x0000000100000000)
  region size 1024K, 9 young (9216K), 9 survivors (9216K)
 Metaspace       used 104124K, committed 106496K, reserved 557056K
  class space    used 14520K, committed 15680K, reserved 425984K
}
Event: 29.096 GC heap before
{Heap before GC invocations=64 (full 0):
 garbage-first heap   total 276480K, used 261355K [0x0000000080000000, 0x0000000100000000)
  region size 1024K, 126 young (129024K), 9 survivors (9216K)
 Metaspace       used 104134K, committed 106496K, reserved 557056K
  class space    used 14521K, committed 15680K, reserved 425984K
}
Event: 29.102 GC heap after
{Heap after GC invocations=65 (full 0):
 garbage-first heap   total 276480K, used 142116K [0x0000000080000000, 0x0000000100000000)
  region size 1024K, 8 young (8192K), 8 survivors (8192K)
 Metaspace       used 104134K, committed 106496K, reserved 557056K
  class space    used 14521K, committed 15680K, reserved 425984K
}
Event: 29.246 GC heap before
{Heap before GC invocations=66 (full 0):
 garbage-first heap   total 276480K, used 261924K [0x0000000080000000, 0x0000000100000000)
  region size 1024K, 125 young (128000K), 8 survivors (8192K)
 Metaspace       used 104136K, committed 106496K, reserved 557056K
  class space    used 14521K, committed 15680K, reserved 425984K
}
Event: 29.252 GC heap after
{Heap after GC invocations=67 (full 0):
 garbage-first heap   total 276480K, used 143908K [0x0000000080000000, 0x0000000100000000)
  region size 1024K, 10 young (10240K), 10 survivors (10240K)
 Metaspace       used 104136K, committed 106496K, reserved 557056K
  class space    used 14521K, committed 15680K, reserved 425984K
}
Event: 29.375 GC heap before
{Heap before GC invocations=67 (full 0):
 garbage-first heap   total 276480K, used 261668K [0x0000000080000000, 0x0000000100000000)
  region size 1024K, 125 young (128000K), 10 survivors (10240K)
 Metaspace       used 104136K, committed 106496K, reserved 557056K
  class space    used 14521K, committed 15680K, reserved 425984K
}

